<?xml version="1.0" encoding="UTF-8"?>
<!-- Generated by org.testng.reporters.JUnitReportReporter -->
<testsuite skipped="0" hostname="Yoni-Office" name="Demo" tests="1" failures="0" timestamp="2020-04-07T08:56:26 IDT" time="0.004" errors="0">
  <testcase name="Test01" time="0.004" classname="Demo"/>
</testsuite> <!-- Demo -->
