<?xml version="1.0" encoding="UTF-8"?>
<!-- Generated by org.testng.reporters.JUnitReportReporter -->
<testsuite skipped="0" hostname="Yoni-Office" name="Demo2" tests="1" failures="0" timestamp="2020-04-07T08:45:17 IDT" time="0.003" errors="0">
  <testcase name="test1" time="0.003" classname="Demo2"/>
</testsuite> <!-- Demo2 -->
